c:\users\mayowa\source\repos\connect_project2\connect_project2\x64\release\vc143.pdb
c:\users\mayowa\source\repos\connect_project2\connect_project2\x64\release\sslcrypt.obj
c:\users\mayowa\source\repos\connect_project2\connect_project2\x64\release\progam_policy.obj
c:\users\mayowa\source\repos\connect_project2\connect_project2\x64\release\newt.obj
c:\users\mayowa\source\repos\connect_project2\connect_project2\x64\release\will_message.obj
c:\users\mayowa\source\repos\connect_project2\connect_project2\x64\release\serverpublish.obj
c:\users\mayowa\source\repos\connect_project2\connect_project2\x64\release\serverdisonnect.obj
c:\users\mayowa\source\repos\connect_project2\connect_project2\x64\release\incoming_request.obj
c:\users\mayowa\source\repos\connect_project2\connect_project2\x64\release\connect_actions.obj
c:\users\mayowa\source\repos\connect_project2\connect_project2\x64\release\bubbles.obj
c:\users\mayowa\source\repos\connect_project2\connect_project2\x64\release\mysql_handler.obj
c:\users\mayowa\source\repos\connect_project2\x64\release\connect_project2.exe
c:\users\mayowa\source\repos\connect_project2\x64\release\connect_project2.pdb
c:\users\mayowa\source\repos\connect_project2\connect_project2\x64\release\connect_project2.ipdb
c:\users\mayowa\source\repos\connect_project2\connect_project2\x64\release\connect_project2.iobj
c:\users\mayowa\source\repos\connect_project2 - copy\connect_project2\x64\release\bubbles.obj
c:\users\mayowa\source\repos\connect_project2 - copy\connect_project2\x64\release\connect_actions.obj
c:\users\mayowa\source\repos\connect_project2 - copy\connect_project2\x64\release\incoming_request.obj
c:\users\mayowa\source\repos\connect_project2 - copy\connect_project2\x64\release\mysql_handler.obj
c:\users\mayowa\source\repos\connect_project2 - copy\connect_project2\x64\release\newt.obj
c:\users\mayowa\source\repos\connect_project2 - copy\connect_project2\x64\release\progam_policy.obj
c:\users\mayowa\source\repos\connect_project2 - copy\connect_project2\x64\release\serverdisonnect.obj
c:\users\mayowa\source\repos\connect_project2 - copy\connect_project2\x64\release\serverpublish.obj
c:\users\mayowa\source\repos\connect_project2 - copy\connect_project2\x64\release\sslcrypt.obj
c:\users\mayowa\source\repos\connect_project2 - copy\connect_project2\x64\release\will_message.obj
c:\users\mayowa\source\repos\connect_project2 - copy\connect_project2\x64\release\connect_project2.ipdb
c:\users\mayowa\source\repos\connect_project2 - copy\connect_project2\x64\release\connect_project2.iobj
c:\users\mayowa\source\repos\connect_project2 - copy\connect_project2\x64\release\vc143.pdb
c:\users\mayowa\source\repos\connect_project2 - copy\x64\release\connect_project2.pdb
c:\users\mayowa\source\repos\connect_project2 - copy\x64\release\connect_project2.exe
c:\users\mayowa\source\repos\connect_project2 - copy\connect_project2\x64\release\connect_project2.tlog\cl.command.1.tlog
c:\users\mayowa\source\repos\connect_project2 - copy\connect_project2\x64\release\connect_project2.tlog\cl.items.tlog
c:\users\mayowa\source\repos\connect_project2 - copy\connect_project2\x64\release\connect_project2.tlog\cl.read.1.tlog
c:\users\mayowa\source\repos\connect_project2 - copy\connect_project2\x64\release\connect_project2.tlog\cl.write.1.tlog
c:\users\mayowa\source\repos\connect_project2 - copy\connect_project2\x64\release\connect_project2.tlog\link.command.1.tlog
c:\users\mayowa\source\repos\connect_project2 - copy\connect_project2\x64\release\connect_project2.tlog\link.read.1.tlog
c:\users\mayowa\source\repos\connect_project2 - copy\connect_project2\x64\release\connect_project2.tlog\link.secondary.1.tlog
c:\users\mayowa\source\repos\connect_project2 - copy\connect_project2\x64\release\connect_project2.tlog\link.write.1.tlog
